<?xml version="1.0" encoding="UTF-8"?>
<!-- Generated by org.testng.reporters.JUnitXMLReporter -->
<testsuite hostname="DESKTOP-9G2HH03" name="Test4" tests="1" failures="1" timestamp="6 Nov 2022 13:39:12 GMT" time="32.537" errors="0">
  <testcase name="loginWithCorrectUserName" time="32.526" classname="LoginTestCase.correctUserName">
    <failure type="org.openqa.selenium.WebDriverException" message="disconnected: unable to send message to renderer
  (failed to check if window was closed: disconnected: unable to connect to renderer)
  (Session info: chrome=107.0.5304.88)
Build info: version: &amp;apos;3.141.59&amp;apos;, revision: &amp;apos;e82be7d358&amp;apos;, time: &amp;apos;2018-11-14T08:17:03&amp;apos;
System info: host: &amp;apos;DESKTOP-9G2HH03&amp;apos;, ip: &amp;apos;192.168.0.100&amp;apos;, os.name: &amp;apos;Windows 10&amp;apos;, os.arch: &amp;apos;amd64&amp;apos;, os.version: &amp;apos;10.0&amp;apos;, java.version: &amp;apos;1.8.0_202&amp;apos;
Driver info: driver.version: ChromeDriver
remote stacktrace: Backtrace:
	Ordinal0 [0x00B1ACD3+2075859]
	Ordinal0 [0x00AAEE61+1633889]
	Ordinal0 [0x009AB7BD+571325]
	Ordinal0 [0x0099D28C+512652]
	Ordinal0 [0x0099D6D8+513752]
	Ordinal0 [0x0099D668+513640]
	Ordinal0 [0x009916C9+464585]
	Ordinal0 [0x00991254+463444]
	Ordinal0 [0x009FDD7C+908668]
	Ordinal0 [0x009FD6AA+906922]
	Ordinal0 [0x009F7136+880950]
	Ordinal0 [0x009CFEFD+720637]
	Ordinal0 [0x009D0F3F+724799]
	GetHandleVerifier [0x00DCEED2+2769538]
	GetHandleVerifier [0x00DC0D95+2711877]
	GetHandleVerifier [0x00BAA03A+521194]
	GetHandleVerifier [0x00BA8DA0+516432]
	Ordinal0 [0x00AB682C+1665068]
	Ordinal0 [0x00ABB128+1683752]
	Ordinal0 [0x00ABB215+1683989]
	Ordinal0 [0x00AC6484+1729668]
	BaseThreadInitThunk [0x7676FA29+25]
	RtlGetAppContainerNamedObjectPath [0x77037BBE+286]
	RtlGetAppContainerNamedObjectPath [0x77037B8E+238]
">
      <![CDATA[org.openqa.selenium.WebDriverException: disconnected: unable to send message to renderer
  (failed to check if window was closed: disconnected: unable to connect to renderer)
  (Session info: chrome=107.0.5304.88)
Build info: version: '3.141.59', revision: 'e82be7d358', time: '2018-11-14T08:17:03'
System info: host: 'DESKTOP-9G2HH03', ip: '192.168.0.100', os.name: 'Windows 10', os.arch: 'amd64', os.version: '10.0', java.version: '1.8.0_202'
Driver info: driver.version: ChromeDriver
remote stacktrace: Backtrace:
	Ordinal0 [0x00B1ACD3+2075859]
	Ordinal0 [0x00AAEE61+1633889]
	Ordinal0 [0x009AB7BD+571325]
	Ordinal0 [0x0099D28C+512652]
	Ordinal0 [0x0099D6D8+513752]
	Ordinal0 [0x0099D668+513640]
	Ordinal0 [0x009916C9+464585]
	Ordinal0 [0x00991254+463444]
	Ordinal0 [0x009FDD7C+908668]
	Ordinal0 [0x009FD6AA+906922]
	Ordinal0 [0x009F7136+880950]
	Ordinal0 [0x009CFEFD+720637]
	Ordinal0 [0x009D0F3F+724799]
	GetHandleVerifier [0x00DCEED2+2769538]
	GetHandleVerifier [0x00DC0D95+2711877]
	GetHandleVerifier [0x00BAA03A+521194]
	GetHandleVerifier [0x00BA8DA0+516432]
	Ordinal0 [0x00AB682C+1665068]
	Ordinal0 [0x00ABB128+1683752]
	Ordinal0 [0x00ABB215+1683989]
	Ordinal0 [0x00AC6484+1729668]
	BaseThreadInitThunk [0x7676FA29+25]
	RtlGetAppContainerNamedObjectPath [0x77037BBE+286]
	RtlGetAppContainerNamedObjectPath [0x77037B8E+238]

	at org.openqa.selenium.remote.W3CHandshakeResponse.lambda$errorHandler$0(W3CHandshakeResponse.java:62)
	at org.openqa.selenium.remote.HandshakeResponse.lambda$getResponseFunction$0(HandshakeResponse.java:30)
	at org.openqa.selenium.remote.ProtocolHandshake.lambda$createSession$0(ProtocolHandshake.java:126)
	at java.util.stream.ReferencePipeline$3$1.accept(Unknown Source)
	at java.util.Spliterators$ArraySpliterator.tryAdvance(Unknown Source)
	at java.util.stream.ReferencePipeline.forEachWithCancel(Unknown Source)
	at java.util.stream.AbstractPipeline.copyIntoWithCancel(Unknown Source)
	at java.util.stream.AbstractPipeline.copyInto(Unknown Source)
	at java.util.stream.AbstractPipeline.wrapAndCopyInto(Unknown Source)
	at java.util.stream.FindOps$FindOp.evaluateSequential(Unknown Source)
	at java.util.stream.AbstractPipeline.evaluate(Unknown Source)
	at java.util.stream.ReferencePipeline.findFirst(Unknown Source)
	at org.openqa.selenium.remote.ProtocolHandshake.createSession(ProtocolHandshake.java:128)
	at org.openqa.selenium.remote.ProtocolHandshake.createSession(ProtocolHandshake.java:74)
	at org.openqa.selenium.remote.HttpCommandExecutor.execute(HttpCommandExecutor.java:136)
	at org.openqa.selenium.remote.service.DriverCommandExecutor.execute(DriverCommandExecutor.java:83)
	at org.openqa.selenium.remote.RemoteWebDriver.execute(RemoteWebDriver.java:552)
	at org.openqa.selenium.remote.RemoteWebDriver.startSession(RemoteWebDriver.java:213)
	at org.openqa.selenium.remote.RemoteWebDriver.<init>(RemoteWebDriver.java:131)
	at org.openqa.selenium.chrome.ChromeDriver.<init>(ChromeDriver.java:181)
	at org.openqa.selenium.chrome.ChromeDriver.<init>(ChromeDriver.java:168)
	at org.openqa.selenium.chrome.ChromeDriver.<init>(ChromeDriver.java:123)
	at LoginTestCase.correctUserName.loginWithCorrectUserName(correctUserName.java:17)
... Removed 28 stack frames]]>
    </failure>
  </testcase> <!-- loginWithCorrectUserName -->
</testsuite> <!-- Test4 -->
