<?xml version="1.0" encoding="UTF-8"?>
<!-- Generated by org.testng.reporters.JUnitXMLReporter -->
<testsuite hostname="DESKTOP-9G2HH03" name="Default test" tests="3" failures="0" timestamp="6 Nov 2022 13:36:36 GMT" time="18.97" errors="0">
  <testcase name="openBing" time="2.16" classname="extendedreport.LAReport"/>
  <testcase name="openGoogle" time="6.313" classname="extendedreport.LAReport"/>
  <testcase name="openWikipedia" time="2.891" classname="extendedreport.LAReport"/>
</testsuite> <!-- Default test -->
