<?xml version="1.0" encoding="UTF-8"?>
<testng-results skipped="0" failed="0" ignored="0" total="4" passed="4">
  <reporter-output>
  </reporter-output>
  <suite name="Suite" duration-ms="36963" started-at="2022-12-02T01:48:34Z" finished-at="2022-12-02T01:49:11Z">
    <groups>
    </groups>
    <test name="Test" duration-ms="36963" started-at="2022-12-02T01:48:34Z" finished-at="2022-12-02T01:49:11Z">
      <class name="para.Login">
        <test-method status="PASS" signature="tc1(java.lang.String, java.lang.String)[pri:0, instance:para.Login@3abbfa04]" name="tc1" duration-ms="12514" started-at="2022-12-02T01:48:34Z" finished-at="2022-12-02T01:48:47Z">
          <params>
            <param index="0">
              <value>
                <![CDATA[NaveenSelenium]]>
              </value>
            </param>
            <param index="1">
              <value>
                <![CDATA[123456]]>
              </value>
            </param>
          </params>
          <reporter-output>
          </reporter-output>
        </test-method> <!-- tc1 -->
        <test-method status="PASS" signature="tc2(int, int, int, int, int, int)[pri:0, instance:para.Login@3abbfa04]" name="tc2" duration-ms="3114" started-at="2022-12-02T01:48:47Z" finished-at="2022-12-02T01:48:50Z">
          <params>
            <param index="0">
              <value>
                <![CDATA[2]]>
              </value>
            </param>
            <param index="1">
              <value>
                <![CDATA[2]]>
              </value>
            </param>
            <param index="2">
              <value>
                <![CDATA[2]]>
              </value>
            </param>
            <param index="3">
              <value>
                <![CDATA[2]]>
              </value>
            </param>
            <param index="4">
              <value>
                <![CDATA[2]]>
              </value>
            </param>
            <param index="5">
              <value>
                <![CDATA[2]]>
              </value>
            </param>
          </params>
          <reporter-output>
          </reporter-output>
        </test-method> <!-- tc2 -->
        <test-method status="PASS" signature="tc3(java.lang.String, java.lang.String, java.lang.String, java.lang.String, int, int, int, java.lang.String)[pri:0, instance:para.Login@3abbfa04]" name="tc3" duration-ms="11245" started-at="2022-12-02T01:48:50Z" finished-at="2022-12-02T01:49:01Z">
          <params>
            <param index="0">
              <value>
                <![CDATA[welcome]]>
              </value>
            </param>
            <param index="1">
              <value>
                <![CDATA[Kumar]]>
              </value>
            </param>
            <param index="2">
              <value>
                <![CDATA[Chennai]]>
              </value>
            </param>
            <param index="3">
              <value>
                <![CDATA[0123456789123456]]>
              </value>
            </param>
            <param index="4">
              <value>
                <![CDATA[1]]>
              </value>
            </param>
            <param index="5">
              <value>
                <![CDATA[1]]>
              </value>
            </param>
            <param index="6">
              <value>
                <![CDATA[12]]>
              </value>
            </param>
            <param index="7">
              <value>
                <![CDATA[123]]>
              </value>
            </param>
          </params>
          <reporter-output>
          </reporter-output>
        </test-method> <!-- tc3 -->
        <test-method status="PASS" signature="tc4()[pri:0, instance:para.Login@3abbfa04]" name="tc4" duration-ms="10063" started-at="2022-12-02T01:49:01Z" finished-at="2022-12-02T01:49:11Z">
          <reporter-output>
          </reporter-output>
        </test-method> <!-- tc4 -->
      </class> <!-- para.Login -->
    </test> <!-- Test -->
  </suite> <!-- Suite -->
</testng-results>
