<?xml version="1.0" encoding="UTF-8"?>
<!-- Generated by org.testng.reporters.JUnitXMLReporter -->
<testsuite hostname="DESKTOP-9G2HH03" ignored="0" name="Test" tests="4" failures="0" timestamp="02 Dec 2022 01:49:11 GMT" time="36.963" errors="0">
  <testcase name="tc1" time="12.514" classname="para.Login"/>
  <testcase name="tc2" time="3.114" classname="para.Login"/>
  <testcase name="tc3" time="11.245" classname="para.Login"/>
  <testcase name="tc4" time="10.063" classname="para.Login"/>
</testsuite> <!-- Test -->
